<?xml version="1.0" encoding="UTF-8"?>
<testsuite xmlns:xsi="http://www.w3.org/2001/XMLSchema-instance" xsi:noNamespaceSchemaLocation="https://maven.apache.org/surefire/maven-surefire-plugin/xsd/surefire-test-report-3.0.xsd" version="3.0" name="com.example.biblioteca.CadastroTest" time="0.259" tests="11" errors="0" skipped="0" failures="0">
  <properties>
[...]
</properties>
  <testcase name="testCadastrarUsuarioValido" classname="com.example.biblioteca.CadastroTest" time="0.141"/>
  <testcase name="testAlterarParcialUsuarioInexistente" classname="com.example.biblioteca.CadastroTest" time="0.003"/>
  <testcase name="testAtualizarUsuarioNaoExistente" classname="com.example.biblioteca.CadastroTest" time="0.005"/>
  <testcase name="testAlterarParcialCampoInvalido" classname="com.example.biblioteca.CadastroTest" time="0.003"/>
  <testcase name="testAlterarParcialNome" classname="com.example.biblioteca.CadastroTest" time="0.003"/>
  <testcase name="testAtualizarUsuario" classname="com.example.biblioteca.CadastroTest" time="0.002"/>
  <testcase name="testeCadastroFunc1" classname="com.example.biblioteca.CadastroTest" time="0.004"/>
  <testcase name="testAlterarParcialEmail" classname="com.example.biblioteca.CadastroTest" time="0.001"/>
  <testcase name="testAlterarParcialSenha" classname="com.example.biblioteca.CadastroTest" time="0.003"/>
  <testcase name="testCadastroFunc0" classname="com.example.biblioteca.CadastroTest" time="0.002"/>
  <testcase name="testExcluirUsuario" classname="com.example.biblioteca.CadastroTest" time="0.002"/>
</testsuite>